2025/01/27 12:51:40 hassan account has been created
2025/01/27 12:53:43 ihajji account has been created
2025/01/27 12:53:47 http: superfluous response.WriteHeader call from forum/internal/handlers.Login (handlers.go:60)
2025/01/27 12:55:21 http: superfluous response.WriteHeader call from forum/internal/handlers.Login (handlers.go:60)
2025/01/27 12:55:41 http: superfluous response.WriteHeader call from forum/internal/handlers.Login (handlers.go:60)
2025/01/27 12:55:46 hassan logged in
2025/01/27 13:15:58 hassan logged in
2025/01/27 13:18:55 hassan logged in
2025/01/27 13:19:10 hassan logged in
2025/01/27 13:19:22 hassan logged in
2025/01/27 13:19:30 hassan logged in
2025/01/27 14:11:52 hassan logged in
2025/01/27 14:16:28 hassan logged in
2025/01/27 14:16:45 hassan logged in
2025/01/27 14:17:27 hassan logged in
2025/01/27 14:19:18 hassan logged in
2025/01/27 14:24:39 hassan logged in
2025/01/27 15:11:52 hassan logged in
2025/01/27 15:12:41 hassan logged in
2025/01/27 15:23:06 A User logged out
2025/01/27 15:35:57 hassan logged in
2025/01/27 15:36:55 A User logged out
2025/01/27 15:38:07 ayoub account has been created
2025/01/27 15:38:17 A User logged out
2025/01/27 15:38:30 ayoub logged in
2025/01/27 15:44:00 A User logged out
2025/01/27 15:44:19 ayoub logged in
